<?xml version="1.0" encoding="UTF-8"?>
<!-- Generated by org.testng.reporters.JUnitReportReporter -->
<testsuite skipped="0" hostname="AGRN50939918A" name="QT" tests="1" failures="0" timestamp="2019-12-05T17:27:30 IST" time="19.244" errors="0">
  <testcase name="fun" time="19.244" classname="QT"/>
</testsuite> <!-- QT -->
